<?xml version="1.0" encoding="UTF-8"?>
<!-- Generated by org.testng.reporters.JUnitXMLReporter -->
<testsuite ignored="1" hostname="LAPTOP-T8I5JFI7" failures="0" tests="3" name="Smoke Test Cases" time="0.058" errors="0" timestamp="2024-09-04T11:37:00 IST">
  <testcase classname="testNG.package2.TestNG0016_Grouping" name="test2" time="0.007"/>
  <testcase classname="testNG.package2.TestNG0016_Grouping" name="test3" time="0.002"/>
  <testcase classname="testNG.package2.TestNG0016_Grouping" name="test4" time="0.002"/>
  <testcase classname="testNG.package2.TestNG0016_Grouping" name="test1" time="0.0">
    <ignored/>
  </testcase> <!-- test1 -->
</testsuite> <!-- Smoke Test Cases -->
