<?xml version="1.0" encoding="UTF-8"?>
<testng-results ignored="0" total="1" passed="1" failed="0" skipped="0">
  <reporter-output>
  </reporter-output>
  <suite started-at="2024-09-27T19:31:48 IST" name="Default suite" finished-at="2024-09-27T19:31:48 IST" duration-ms="33">
    <groups>
    </groups>
    <test started-at="2024-09-27T19:31:48 IST" name="Default test" finished-at="2024-09-27T19:31:48 IST" duration-ms="33">
      <class name="testNG.package2.TestNG0020_Assertion4">
        <test-method signature="test1()[pri:0, instance:testNG.package2.TestNG0020_Assertion4@505fc5a4]" started-at="2024-09-27T19:31:48 IST" name="test1" finished-at="2024-09-27T19:31:48 IST" duration-ms="7" status="PASS">
          <reporter-output>
          </reporter-output>
        </test-method> <!-- test1 -->
      </class> <!-- testNG.package2.TestNG0020_Assertion4 -->
    </test> <!-- Default test -->
  </suite> <!-- Default suite -->
</testng-results>
